c:\users\ken\livox-sdk\build\sdk_core\livox_sdk_static.dir\debug\livox_sdk_static.pdb
c:\users\ken\livox-sdk\build\sdk_core\livox_sdk_static.dir\debug\multiple_io_base.obj
c:\users\ken\livox-sdk\build\sdk_core\livox_sdk_static.dir\debug\command_impl.obj
c:\users\ken\livox-sdk\build\sdk_core\livox_sdk_static.dir\debug\lidar_command_handler.obj
c:\users\ken\livox-sdk\build\sdk_core\livox_sdk_static.dir\debug\hub_command_handler.obj
c:\users\ken\livox-sdk\build\sdk_core\livox_sdk_static.dir\debug\command_channel.obj
c:\users\ken\livox-sdk\build\sdk_core\livox_sdk_static.dir\debug\command_handler.obj
c:\users\ken\livox-sdk\build\sdk_core\livox_sdk_static.dir\debug\lidar_data_handler.obj
c:\users\ken\livox-sdk\build\sdk_core\livox_sdk_static.dir\debug\hub_data_handler.obj
c:\users\ken\livox-sdk\build\sdk_core\livox_sdk_static.dir\debug\data_handler.obj
c:\users\ken\livox-sdk\build\sdk_core\livox_sdk_static.dir\debug\sdk_protocol.obj
c:\users\ken\livox-sdk\build\sdk_core\livox_sdk_static.dir\debug\comm_port.obj
c:\users\ken\livox-sdk\build\sdk_core\livox_sdk_static.dir\debug\device_manager.obj
c:\users\ken\livox-sdk\build\sdk_core\livox_sdk_static.dir\debug\device_discovery.obj
c:\users\ken\livox-sdk\build\sdk_core\livox_sdk_static.dir\debug\livox_sdk.obj
c:\users\ken\livox-sdk\build\sdk_core\livox_sdk_static.dir\debug\logging.obj
c:\users\ken\livox-sdk\build\sdk_core\livox_sdk_static.dir\debug\network_util.obj
c:\users\ken\livox-sdk\build\sdk_core\livox_sdk_static.dir\debug\io_thread.obj
c:\users\ken\livox-sdk\build\sdk_core\livox_sdk_static.dir\debug\thread_base.obj
c:\users\ken\livox-sdk\build\sdk_core\livox_sdk_static.dir\debug\io_loop.obj
c:\users\ken\livox-sdk\build\sdk_core\livox_sdk_static.dir\debug\fastcrcsw.obj
c:\users\ken\livox-sdk\build\sdk_core\livox_sdk_static.dir\debug\wake_up_pipe.obj
c:\users\ken\livox-sdk\build\sdk_core\livox_sdk_static.dir\debug\multiple_io_kqueue.obj
c:\users\ken\livox-sdk\build\sdk_core\livox_sdk_static.dir\debug\multiple_io_select.obj
c:\users\ken\livox-sdk\build\sdk_core\livox_sdk_static.dir\debug\multiple_io_poll.obj
c:\users\ken\livox-sdk\build\sdk_core\livox_sdk_static.dir\debug\multiple_io_epoll.obj
c:\users\ken\livox-sdk\build\sdk_core\cmakefiles\generate.stamp
c:\users\ken\livox-sdk\build\sdk_core\debug\livox_sdk_static.lib
c:\users\ken\livox-sdk\build\sdk_core\livox_sdk_static.dir\debug\livox_sdk_static.tlog\cl.command.1.tlog
c:\users\ken\livox-sdk\build\sdk_core\livox_sdk_static.dir\debug\livox_sdk_static.tlog\cl.read.1.tlog
c:\users\ken\livox-sdk\build\sdk_core\livox_sdk_static.dir\debug\livox_sdk_static.tlog\cl.write.1.tlog
c:\users\ken\livox-sdk\build\sdk_core\livox_sdk_static.dir\debug\livox_sdk_static.tlog\custombuild.command.1.tlog
c:\users\ken\livox-sdk\build\sdk_core\livox_sdk_static.dir\debug\livox_sdk_static.tlog\custombuild.read.1.tlog
c:\users\ken\livox-sdk\build\sdk_core\livox_sdk_static.dir\debug\livox_sdk_static.tlog\custombuild.write.1.tlog
c:\users\ken\livox-sdk\build\sdk_core\livox_sdk_static.dir\debug\livox_sdk_static.tlog\lib-link.read.1.tlog
c:\users\ken\livox-sdk\build\sdk_core\livox_sdk_static.dir\debug\livox_sdk_static.tlog\lib-link.write.1.tlog
c:\users\ken\livox-sdk\build\sdk_core\livox_sdk_static.dir\debug\livox_sdk_static.tlog\lib.command.1.tlog
